This file contains any messages produced by compilers while
running configure, to aid debugging if configure makes a mistake.

It was created by Autotools Template configure v0.0, which was
generated by GNU Autoconf 2.71.  Invocation command line was

  $ ./configure

## --------- ##
## Platform. ##
## --------- ##

hostname = renzoBox
uname -m = arm64
uname -r = 20.5.0
uname -s = Darwin
uname -v = Darwin Kernel Version 20.5.0: Sat May  8 05:10:31 PDT 2021; root:xnu-7195.121.3~9/RELEASE_ARM64_T8101

/usr/bin/uname -p = arm
/bin/uname -X     = unknown

/bin/arch              = unknown
/usr/bin/arch -k       = unknown
/usr/convex/getsysinfo = unknown
/usr/bin/hostinfo      = Mach kernel version:
	 Darwin Kernel Version 20.5.0: Sat May  8 05:10:31 PDT 2021; root:xnu-7195.121.3~9/RELEASE_ARM64_T8101
Kernel configured for up to 8 processors.
8 processors are physically available.
8 processors are logically available.
Processor type: arm64e (ARM64E)
Processors active: 0 1 2 3 4 5 6 7
Primary memory available: 16.00 gigabytes
Default processor set: 515 tasks, 3579 threads, 8 processors
Load average: 1.12, Mach factor: 6.88
/bin/machine           = unknown
/usr/bin/oslevel       = unknown
/bin/universe          = unknown

PATH: /Users/renzo/.sdkman/candidates/sbt/current/bin/
PATH: /opt/homebrew/sbin/
PATH: /Users/renzo/.local/bin/
PATH: /Users/renzo/Documents/git/neovim/build/bin/
PATH: /Users/renzo/.cabal/bin/
PATH: /Users/renzo/.ghcup/bin/
PATH: /opt/homebrew/bin/
PATH: /opt/local/bin/
PATH: /opt/local/sbin/
PATH: /usr/local/bin/
PATH: /usr/bin/
PATH: /bin/
PATH: /usr/sbin/
PATH: /sbin/
PATH: /Library/TeX/texbin/
PATH: /usr/local/share/dotnet/
PATH: /opt/X11/bin/
PATH: ~/.dotnet/tools/
PATH: /Library/Apple/usr/bin/
PATH: /Library/Frameworks/Mono.framework/Versions/Current/Commands/
PATH: /Applications/Wireshark.app/Contents/MacOS/
PATH: /opt/homebrew/bin/
PATH: /opt/local/bin/
PATH: /opt/local/sbin/
PATH: /Applications/kitty.app/Contents/MacOS/
PATH: /Users/renzo/.cargo/bin/
PATH: /Users/renzo/Documents/code/go/bin/
PATH: /Users/renzo/Documents/code/go/bin/
PATH: /Users/renzo/.emacs.d/bin/


## ----------- ##
## Core tests. ##
## ----------- ##

configure:2093: looking for aux files: compile missing install-sh
configure:2106:  trying ./
configure:2135:   ./compile found
configure:2135:   ./missing found
configure:2117:   ./install-sh found
configure:2264: checking for a BSD-compatible install
configure:2337: result: /opt/homebrew/bin/ginstall -c
configure:2348: checking whether build environment is sane
configure:2403: result: yes
configure:2562: checking for a race-free mkdir -p
configure:2606: result: /opt/homebrew/bin/gmkdir -p
configure:2613: checking for gawk
configure:2634: found /opt/homebrew/bin/gawk
configure:2645: result: gawk
configure:2656: checking whether make sets $(MAKE)
configure:2679: result: yes
configure:2709: checking whether make supports nested variables
configure:2727: result: yes
configure:2916: checking for gcc
configure:2937: found /usr/bin/gcc
configure:2948: result: gcc
configure:3301: checking for C compiler version
configure:3310: gcc --version >&5
Apple clang version 12.0.5 (clang-1205.0.22.9)
Target: arm64-apple-darwin20.5.0
Thread model: posix
InstalledDir: /Applications/Xcode.app/Contents/Developer/Toolchains/XcodeDefault.xctoolchain/usr/bin
Configured with: --prefix=/Applications/Xcode.app/Contents/Developer/usr --with-gxx-include-dir=/Applications/Xcode.app/Contents/Developer/Platforms/MacOSX.platform/Developer/SDKs/MacOSX.sdk/usr/include/c++/4.2.1
configure:3321: $? = 0
configure:3310: gcc -v >&5
Configured with: --prefix=/Applications/Xcode.app/Contents/Developer/usr --with-gxx-include-dir=/Applications/Xcode.app/Contents/Developer/Platforms/MacOSX.platform/Developer/SDKs/MacOSX.sdk/usr/include/c++/4.2.1
Apple clang version 12.0.5 (clang-1205.0.22.9)
Target: arm64-apple-darwin20.5.0
Thread model: posix
InstalledDir: /Applications/Xcode.app/Contents/Developer/Toolchains/XcodeDefault.xctoolchain/usr/bin
configure:3321: $? = 0
configure:3310: gcc -V >&5
clang: error: argument to '-V' is missing (expected 1 value)
clang: error: no input files
configure:3321: $? = 1
configure:3310: gcc -qversion >&5
clang: error: unknown argument '-qversion'; did you mean '--version'?
clang: error: no input files
configure:3321: $? = 1
configure:3310: gcc -version >&5
clang: error: unknown argument '-version'; did you mean '--version'?
clang: error: no input files
configure:3321: $? = 1
configure:3341: checking whether the C compiler works
configure:3363: gcc    conftest.c  >&5
configure:3367: $? = 0
configure:3417: result: yes
configure:3420: checking for C compiler default output file name
configure:3422: result: a.out
configure:3428: checking for suffix of executables
configure:3435: gcc -o conftest    conftest.c  >&5
configure:3439: $? = 0
configure:3462: result: 
configure:3484: checking whether we are cross compiling
configure:3492: gcc -o conftest    conftest.c  >&5
configure:3496: $? = 0
configure:3503: ./conftest
configure:3507: $? = 0
configure:3522: result: no
configure:3527: checking for suffix of object files
configure:3550: gcc -c   conftest.c >&5
configure:3554: $? = 0
configure:3576: result: o
configure:3580: checking whether the compiler supports GNU C
configure:3600: gcc -c   conftest.c >&5
configure:3600: $? = 0
configure:3610: result: yes
configure:3621: checking whether gcc accepts -g
configure:3642: gcc -c -g  conftest.c >&5
configure:3642: $? = 0
configure:3686: result: yes
configure:3706: checking for gcc option to enable C11 features
configure:3721: gcc  -c -g -O2  conftest.c >&5
configure:3721: $? = 0
configure:3739: result: none needed
configure:3855: checking whether gcc understands -c and -o together
configure:3878: gcc -c conftest.c -o conftest2.o
configure:3881: $? = 0
configure:3878: gcc -c conftest.c -o conftest2.o
configure:3881: $? = 0
configure:3893: result: yes
configure:3913: checking whether make supports the include directive
configure:3928: make -f confmf.GNU && cat confinc.out
this is the am__doit target
configure:3931: $? = 0
configure:3950: result: yes (GNU style)
configure:3976: checking dependency style of gcc
configure:4088: result: gcc3
configure:4223: checking that generated files are newer than configure
configure:4229: result: done
configure:4252: creating ./config.status

## ---------------------- ##
## Running config.status. ##
## ---------------------- ##

This file was extended by Autotools Template config.status v0.0, which was
generated by GNU Autoconf 2.71.  Invocation command line was

  CONFIG_FILES    = 
  CONFIG_HEADERS  = 
  CONFIG_LINKS    = 
  CONFIG_COMMANDS = 
  $ ./config.status 

on renzoBox

config.status:833: creating Makefile
config.status:833: creating config.h
config.status:1014: config.h is unchanged
config.status:1062: executing depfiles commands
config.status:1139: cd .       && sed -e '/# am--include-marker/d' Makefile         | make -f - am--depfiles
make: Nothing to be done for `am--depfiles'.
config.status:1144: $? = 0

## ---------------- ##
## Cache variables. ##
## ---------------- ##

ac_cv_c_compiler_gnu=yes
ac_cv_env_CC_set=
ac_cv_env_CC_value=
ac_cv_env_CFLAGS_set=
ac_cv_env_CFLAGS_value=
ac_cv_env_CPPFLAGS_set=
ac_cv_env_CPPFLAGS_value=
ac_cv_env_LDFLAGS_set=
ac_cv_env_LDFLAGS_value=
ac_cv_env_LIBS_set=
ac_cv_env_LIBS_value=
ac_cv_env_build_alias_set=
ac_cv_env_build_alias_value=
ac_cv_env_host_alias_set=
ac_cv_env_host_alias_value=
ac_cv_env_target_alias_set=
ac_cv_env_target_alias_value=
ac_cv_objext=o
ac_cv_path_install='/opt/homebrew/bin/ginstall -c'
ac_cv_path_mkdir=/opt/homebrew/bin/gmkdir
ac_cv_prog_AWK=gawk
ac_cv_prog_ac_ct_CC=gcc
ac_cv_prog_cc_c11=
ac_cv_prog_cc_g=yes
ac_cv_prog_cc_stdc=
ac_cv_prog_make_make_set=yes
am_cv_CC_dependencies_compiler_type=gcc3
am_cv_make_support_nested_variables=yes
am_cv_prog_cc_c_o=yes

## ----------------- ##
## Output variables. ##
## ----------------- ##

ACLOCAL='${SHELL} '\''/Users/renzo/Documents/code/c/auto-template/missing'\'' aclocal-1.16'
AMDEPBACKSLASH='\'
AMDEP_FALSE='#'
AMDEP_TRUE=''
AMTAR='$${TAR-tar}'
AM_BACKSLASH='\'
AM_DEFAULT_V='$(AM_DEFAULT_VERBOSITY)'
AM_DEFAULT_VERBOSITY='1'
AM_V='$(V)'
AUTOCONF='${SHELL} '\''/Users/renzo/Documents/code/c/auto-template/missing'\'' autoconf'
AUTOHEADER='${SHELL} '\''/Users/renzo/Documents/code/c/auto-template/missing'\'' autoheader'
AUTOMAKE='${SHELL} '\''/Users/renzo/Documents/code/c/auto-template/missing'\'' automake-1.16'
AWK='gawk'
CC='gcc'
CCDEPMODE='depmode=gcc3'
CFLAGS='-g -O2'
CPPFLAGS=''
CYGPATH_W='echo'
DEFS='-DHAVE_CONFIG_H'
DEPDIR='.deps'
ECHO_C='\c'
ECHO_N=''
ECHO_T=''
EXEEXT=''
INSTALL_DATA='${INSTALL} -m 644'
INSTALL_PROGRAM='${INSTALL}'
INSTALL_SCRIPT='${INSTALL}'
INSTALL_STRIP_PROGRAM='$(install_sh) -c -s'
LDFLAGS=''
LIBOBJS=''
LIBS=''
LTLIBOBJS=''
MAKEINFO='${SHELL} '\''/Users/renzo/Documents/code/c/auto-template/missing'\'' makeinfo'
MKDIR_P='/opt/homebrew/bin/gmkdir -p'
OBJEXT='o'
PACKAGE='autotools-template'
PACKAGE_BUGREPORT=''
PACKAGE_NAME='Autotools Template'
PACKAGE_STRING='Autotools Template v0.0'
PACKAGE_TARNAME='autotools-template'
PACKAGE_URL=''
PACKAGE_VERSION='v0.0'
PATH_SEPARATOR=':'
SET_MAKE=''
SHELL='/bin/sh'
STRIP=''
VERSION='v0.0'
ac_ct_CC='gcc'
am__EXEEXT_FALSE=''
am__EXEEXT_TRUE='#'
am__fastdepCC_FALSE='#'
am__fastdepCC_TRUE=''
am__include='include'
am__isrc=''
am__leading_dot='.'
am__nodep='_no'
am__quote=''
am__tar='$${TAR-tar} chof - "$$tardir"'
am__untar='$${TAR-tar} xf -'
bindir='${exec_prefix}/bin'
build_alias=''
datadir='${datarootdir}'
datarootdir='${prefix}/share'
docdir='${datarootdir}/doc/${PACKAGE_TARNAME}'
dvidir='${docdir}'
exec_prefix='${prefix}'
host_alias=''
htmldir='${docdir}'
includedir='${prefix}/include'
infodir='${datarootdir}/info'
install_sh='${SHELL} /Users/renzo/Documents/code/c/auto-template/install-sh'
libdir='${exec_prefix}/lib'
libexecdir='${exec_prefix}/libexec'
localedir='${datarootdir}/locale'
localstatedir='${prefix}/var'
mandir='${datarootdir}/man'
mkdir_p='$(MKDIR_P)'
oldincludedir='/usr/include'
pdfdir='${docdir}'
prefix='/usr/local'
program_transform_name='s,x,x,'
psdir='${docdir}'
runstatedir='${localstatedir}/run'
sbindir='${exec_prefix}/sbin'
sharedstatedir='${prefix}/com'
sysconfdir='${prefix}/etc'
target_alias=''

## ----------- ##
## confdefs.h. ##
## ----------- ##

/* confdefs.h */
#define PACKAGE_NAME "Autotools Template"
#define PACKAGE_TARNAME "autotools-template"
#define PACKAGE_VERSION "v0.0"
#define PACKAGE_STRING "Autotools Template v0.0"
#define PACKAGE_BUGREPORT ""
#define PACKAGE_URL ""
#define PACKAGE "autotools-template"
#define VERSION "v0.0"

configure: exit 0
